Compilación iniciada a las 26/11/2013 09:24:20 p.m..
     1>Proyecto "C:\Users\Toshiba\Desktop\DAS\Implementacion\Morpholoid\Morpholoid\Morpholoid.vcxproj" en el nodo 2 (Build destinos).
     1>ClCompile:
         C:\Program Files (x86)\Microsoft Visual Studio 11.0\VC\bin\CL.exe /c /I"C:\Program Files\Microsoft SDKs\Kinect\v1.8\\inc" /ZI /nologo /W3 /WX- /Od /Oy- /D WIN32 /D _DEBUG /D _CONSOLE /D _UNICODE /D UNICODE /Gm /EHsc /RTC1 /MDd /GS /fp:precise /Zc:wchar_t /Zc:forScope /Fo"Debug\\" /Fd"Debug\vc110.pdb" /Gd /TP /analyze- /errorReport:prompt Action.cpp Component.cpp Dynamixel.cpp Gestures.cpp GetterState.cpp Instruction.cpp Kinect.cpp Leaf.cpp Motor.cpp Robot.cpp RoboticRoot.cpp Robotis.cpp SelectionState.cpp Sensor.cpp SerialPort.cpp State.cpp TraductionState.cpp TransformationState.cpp UIMain.cpp
         Omitiendo... (no se detectaron cambios relevantes)
         UIMain.cpp
         TransformationState.cpp
         TraductionState.cpp
         State.cpp
         SerialPort.cpp
         Sensor.cpp
         SelectionState.cpp
         Robotis.cpp
         RoboticRoot.cpp
         Robot.cpp
         Motor.cpp
         Leaf.cpp
         Kinect.cpp
         Instruction.cpp
         GetterState.cpp
         Gestures.cpp
         Dynamixel.cpp
         Component.cpp
         Action.cpp
       Link:
         C:\Program Files (x86)\Microsoft Visual Studio 11.0\VC\bin\link.exe /ERRORREPORT:PROMPT /OUT:"C:\Users\Toshiba\Desktop\DAS\Implementacion\Morpholoid\Debug\Morpholoid.exe" /INCREMENTAL /NOLOGO /LIBPATH:"C:\Program Files\Microsoft SDKs\Kinect\v1.8\\lib\x86" Kinect10.lib kernel32.lib user32.lib gdi32.lib winspool.lib comdlg32.lib advapi32.lib shell32.lib ole32.lib oleaut32.lib uuid.lib odbc32.lib odbccp32.lib kernel32.lib user32.lib gdi32.lib winspool.lib comdlg32.lib advapi32.lib shell32.lib ole32.lib oleaut32.lib uuid.lib odbc32.lib odbccp32.lib /MANIFEST /MANIFESTUAC:"level='asInvoker' uiAccess='false'" /manifest:embed /DEBUG /PDB:"C:\Users\Toshiba\Desktop\DAS\Implementacion\Morpholoid\Debug\Morpholoid.pdb" /SUBSYSTEM:CONSOLE /TLBID:1 /DYNAMICBASE /NXCOMPAT /IMPLIB:"C:\Users\Toshiba\Desktop\DAS\Implementacion\Morpholoid\Debug\Morpholoid.lib" /MACHINE:X86 Debug\Action.obj
         Debug\Component.obj
         Debug\Dynamixel.obj
         Debug\Gestures.obj
         Debug\GetterState.obj
         Debug\Instruction.obj
         Debug\Kinect.obj
         Debug\Leaf.obj
         Debug\Motor.obj
         Debug\Robot.obj
         Debug\RoboticRoot.obj
         Debug\Robotis.obj
         Debug\SelectionState.obj
         Debug\Sensor.obj
         Debug\SerialPort.obj
         Debug\State.obj
         Debug\TraductionState.obj
         Debug\TransformationState.obj
         Debug\UIMain.obj
         Morpholoid.vcxproj -> C:\Users\Toshiba\Desktop\DAS\Implementacion\Morpholoid\Debug\Morpholoid.exe
     1>Compilación del proyecto terminada "C:\Users\Toshiba\Desktop\DAS\Implementacion\Morpholoid\Morpholoid\Morpholoid.vcxproj" (Build destinos).

Build succeeded.

Tiempo transcurrido 00:00:13.73
