C:\USERS\TOSHIBA\DESKTOP\DAS\IMPLEMENTACION\MORPHOLOID\MORPHOLOID\DEBUG\UIMAIN.OBJ
C:\USERS\TOSHIBA\DESKTOP\DAS\IMPLEMENTACION\MORPHOLOID\MORPHOLOID\DEBUG\VC110.PDB
C:\USERS\TOSHIBA\DESKTOP\DAS\IMPLEMENTACION\MORPHOLOID\MORPHOLOID\DEBUG\DYNAMIXEL.OBJ
C:\USERS\TOSHIBA\DESKTOP\DAS\IMPLEMENTACION\MORPHOLOID\MORPHOLOID\DEBUG\SERIALPORT.OBJ
C:\USERS\TOSHIBA\DESKTOP\DAS\IMPLEMENTACION\MORPHOLOID\MORPHOLOID\DEBUG\INSTRUCTION.OBJ
C:\USERS\TOSHIBA\DESKTOP\DAS\IMPLEMENTACION\MORPHOLOID\MORPHOLOID\DEBUG\ACTION.OBJ
C:\USERS\TOSHIBA\DESKTOP\DAS\IMPLEMENTACION\MORPHOLOID\MORPHOLOID\DEBUG\GESTURES.OBJ
C:\USERS\TOSHIBA\DESKTOP\DAS\IMPLEMENTACION\MORPHOLOID\MORPHOLOID\DEBUG\COMPONENT.OBJ
C:\USERS\TOSHIBA\DESKTOP\DAS\IMPLEMENTACION\MORPHOLOID\MORPHOLOID\DEBUG\HUMANOID.OBJ
C:\USERS\TOSHIBA\DESKTOP\DAS\IMPLEMENTACION\MORPHOLOID\MORPHOLOID\DEBUG\LEAF.OBJ
C:\USERS\TOSHIBA\DESKTOP\DAS\IMPLEMENTACION\MORPHOLOID\MORPHOLOID\DEBUG\MOBILE.OBJ
C:\USERS\TOSHIBA\DESKTOP\DAS\IMPLEMENTACION\MORPHOLOID\MORPHOLOID\DEBUG\MOTOR.OBJ
C:\USERS\TOSHIBA\DESKTOP\DAS\IMPLEMENTACION\MORPHOLOID\MORPHOLOID\DEBUG\ROBOT.OBJ
C:\USERS\TOSHIBA\DESKTOP\DAS\IMPLEMENTACION\MORPHOLOID\MORPHOLOID\DEBUG\ROBOTICROOT.OBJ
C:\USERS\TOSHIBA\DESKTOP\DAS\IMPLEMENTACION\MORPHOLOID\MORPHOLOID\DEBUG\SENSOR.OBJ
C:\USERS\TOSHIBA\DESKTOP\DAS\IMPLEMENTACION\MORPHOLOID\DEBUG\MORPHOLOID.ILK
C:\USERS\TOSHIBA\DESKTOP\DAS\IMPLEMENTACION\MORPHOLOID\DEBUG\MORPHOLOID.EXE
C:\USERS\TOSHIBA\DESKTOP\DAS\IMPLEMENTACION\MORPHOLOID\DEBUG\MORPHOLOID.PDB
C:\Users\Toshiba\Desktop\DAS\Implementacion\Morpholoid\Morpholoid\Debug\Action.obj
C:\Users\Toshiba\Desktop\DAS\Implementacion\Morpholoid\Morpholoid\Debug\Component.obj
C:\Users\Toshiba\Desktop\DAS\Implementacion\Morpholoid\Morpholoid\Debug\Dynamixel.obj
C:\Users\Toshiba\Desktop\DAS\Implementacion\Morpholoid\Morpholoid\Debug\Gestures.obj
C:\Users\Toshiba\Desktop\DAS\Implementacion\Morpholoid\Morpholoid\Debug\Humanoid.obj
C:\Users\Toshiba\Desktop\DAS\Implementacion\Morpholoid\Morpholoid\Debug\Instruction.obj
C:\Users\Toshiba\Desktop\DAS\Implementacion\Morpholoid\Morpholoid\Debug\Leaf.obj
C:\Users\Toshiba\Desktop\DAS\Implementacion\Morpholoid\Morpholoid\Debug\Mobile.obj
C:\Users\Toshiba\Desktop\DAS\Implementacion\Morpholoid\Morpholoid\Debug\Motor.obj
C:\Users\Toshiba\Desktop\DAS\Implementacion\Morpholoid\Morpholoid\Debug\Sensor.obj
C:\Users\Toshiba\Desktop\DAS\Implementacion\Morpholoid\Morpholoid\Debug\SerialPort.obj
C:\Users\Toshiba\Desktop\DAS\Implementacion\Morpholoid\Morpholoid\Debug\cl.command.1.tlog
C:\Users\Toshiba\Desktop\DAS\Implementacion\Morpholoid\Morpholoid\Debug\CL.read.1.tlog
C:\Users\Toshiba\Desktop\DAS\Implementacion\Morpholoid\Morpholoid\Debug\CL.write.1.tlog
C:\Users\Toshiba\Desktop\DAS\Implementacion\Morpholoid\Morpholoid\Debug\link-cvtres.read.1.tlog
C:\Users\Toshiba\Desktop\DAS\Implementacion\Morpholoid\Morpholoid\Debug\link-cvtres.write.1.tlog
C:\Users\Toshiba\Desktop\DAS\Implementacion\Morpholoid\Morpholoid\Debug\link-rc.read.1.tlog
C:\Users\Toshiba\Desktop\DAS\Implementacion\Morpholoid\Morpholoid\Debug\link-rc.write.1.tlog
C:\Users\Toshiba\Desktop\DAS\Implementacion\Morpholoid\Morpholoid\Debug\link.2688-cvtres.read.1.tlog
C:\Users\Toshiba\Desktop\DAS\Implementacion\Morpholoid\Morpholoid\Debug\link.2688-cvtres.write.1.tlog
C:\Users\Toshiba\Desktop\DAS\Implementacion\Morpholoid\Morpholoid\Debug\link.2688-rc.read.1.tlog
C:\Users\Toshiba\Desktop\DAS\Implementacion\Morpholoid\Morpholoid\Debug\link.2688-rc.write.1.tlog
C:\Users\Toshiba\Desktop\DAS\Implementacion\Morpholoid\Morpholoid\Debug\link.2688.read.1.tlog
C:\Users\Toshiba\Desktop\DAS\Implementacion\Morpholoid\Morpholoid\Debug\link.2688.write.1.tlog
C:\Users\Toshiba\Desktop\DAS\Implementacion\Morpholoid\Morpholoid\Debug\link.5380-cvtres.read.1.tlog
C:\Users\Toshiba\Desktop\DAS\Implementacion\Morpholoid\Morpholoid\Debug\link.5380-cvtres.write.1.tlog
C:\Users\Toshiba\Desktop\DAS\Implementacion\Morpholoid\Morpholoid\Debug\link.5380-rc.read.1.tlog
C:\Users\Toshiba\Desktop\DAS\Implementacion\Morpholoid\Morpholoid\Debug\link.5380-rc.write.1.tlog
C:\Users\Toshiba\Desktop\DAS\Implementacion\Morpholoid\Morpholoid\Debug\link.5380.read.1.tlog
C:\Users\Toshiba\Desktop\DAS\Implementacion\Morpholoid\Morpholoid\Debug\link.5380.write.1.tlog
C:\Users\Toshiba\Desktop\DAS\Implementacion\Morpholoid\Morpholoid\Debug\link.7012-cvtres.read.1.tlog
C:\Users\Toshiba\Desktop\DAS\Implementacion\Morpholoid\Morpholoid\Debug\link.7012-cvtres.write.1.tlog
C:\Users\Toshiba\Desktop\DAS\Implementacion\Morpholoid\Morpholoid\Debug\link.7012-rc.read.1.tlog
C:\Users\Toshiba\Desktop\DAS\Implementacion\Morpholoid\Morpholoid\Debug\link.7012-rc.write.1.tlog
C:\Users\Toshiba\Desktop\DAS\Implementacion\Morpholoid\Morpholoid\Debug\link.7012.read.1.tlog
C:\Users\Toshiba\Desktop\DAS\Implementacion\Morpholoid\Morpholoid\Debug\link.7012.write.1.tlog
C:\Users\Toshiba\Desktop\DAS\Implementacion\Morpholoid\Morpholoid\Debug\link.command.1.tlog
C:\Users\Toshiba\Desktop\DAS\Implementacion\Morpholoid\Morpholoid\Debug\link.read.1.tlog
C:\Users\Toshiba\Desktop\DAS\Implementacion\Morpholoid\Morpholoid\Debug\link.write.1.tlog
C:\Users\Toshiba\Desktop\DAS\Implementacion\Morpholoid\Morpholoid\Debug\vc110.idb
C:\Users\Toshiba\Desktop\DAS\Implementacion\Morpholoid\Morpholoid\Debug\vc110.pdb
C:\Users\Toshiba\Desktop\DAS\Implementacion\Morpholoid\Debug\Morpholoid.pdb
C:\Users\Toshiba\Desktop\DAS\Implementacion\Morpholoid\Debug\Morpholoid.exe
C:\Users\Toshiba\Desktop\DAS\Implementacion\Morpholoid\Debug\Morpholoid.ilk
